<?xml version="1.0" encoding="UTF-8"?>
<testng-results skipped="0" failed="0" ignored="0" total="1" passed="1">
  <reporter-output>
  </reporter-output>
  <suite name="Default suite" duration-ms="9373" started-at="2018-12-28T01:46:00Z" finished-at="2018-12-28T01:46:09Z">
    <groups>
    </groups>
    <test name="Default test" duration-ms="9373" started-at="2018-12-28T01:46:00Z" finished-at="2018-12-28T01:46:09Z">
      <class name="asp.DemoA">
        <test-method status="PASS" signature="testA()[pri:0, instance:asp.DemoA@457e2f02]" name="testA" duration-ms="9342" started-at="2018-12-28T01:46:00Z" finished-at="2018-12-28T01:46:09Z">
          <reporter-output>
          </reporter-output>
        </test-method> <!-- testA -->
      </class> <!-- asp.DemoA -->
    </test> <!-- Default test -->
  </suite> <!-- Default suite -->
</testng-results>
